<?xml version="1.0" encoding="UTF-8"?>
<testsuite xmlns:xsi="http://www.w3.org/2001/XMLSchema-instance" xsi:noNamespaceSchemaLocation="https://maven.apache.org/surefire/maven-surefire-plugin/xsd/surefire-test-report-3.0.xsd" version="3.0" name="NotesControllerTest" time="2.127" tests="7" errors="0" skipped="0" failures="0">
  <properties>
    <property name="sun.desktop" value="windows"/>
    <property name="awt.toolkit" value="sun.awt.windows.WToolkit"/>
    <property name="file.encoding.pkg" value="sun.io"/>
    <property name="java.specification.version" value="1.8"/>
    <property name="javafx.runtime.version" value="8.0.202-ea (Wed Oct 09 03:57:15 UTC 2024)"/>
    <property name="sun.cpu.isalist" value="amd64"/>
    <property name="sun.jnu.encoding" value="Cp1251"/>
    <property name="java.class.path" value="C:\Users\Hackron\Desktop\CrudProject\target\test-classes;C:\Users\Hackron\Desktop\CrudProject\target\classes;C:\Users\Hackron\.m2\repository\org\xerial\sqlite-jdbc\3.47.1.0\sqlite-jdbc-3.47.1.0.jar;C:\Users\Hackron\.m2\repository\org\junit\jupiter\junit-jupiter\5.9.2\junit-jupiter-5.9.2.jar;C:\Users\Hackron\.m2\repository\org\junit\jupiter\junit-jupiter-api\5.9.2\junit-jupiter-api-5.9.2.jar;C:\Users\Hackron\.m2\repository\org\opentest4j\opentest4j\1.2.0\opentest4j-1.2.0.jar;C:\Users\Hackron\.m2\repository\org\junit\platform\junit-platform-commons\1.9.2\junit-platform-commons-1.9.2.jar;C:\Users\Hackron\.m2\repository\org\apiguardian\apiguardian-api\1.1.2\apiguardian-api-1.1.2.jar;C:\Users\Hackron\.m2\repository\org\junit\jupiter\junit-jupiter-params\5.9.2\junit-jupiter-params-5.9.2.jar;C:\Users\Hackron\.m2\repository\org\junit\jupiter\junit-jupiter-engine\5.9.2\junit-jupiter-engine-5.9.2.jar;C:\Users\Hackron\.m2\repository\org\junit\platform\junit-platform-engine\1.9.2\junit-platform-engine-1.9.2.jar;C:\Users\Hackron\.m2\repository\org\testfx\testfx-junit5\4.0.16-alpha\testfx-junit5-4.0.16-alpha.jar;C:\Users\Hackron\.m2\repository\org\testfx\testfx-core\4.0.16-alpha\testfx-core-4.0.16-alpha.jar;C:\Users\Hackron\.m2\repository\org\hamcrest\hamcrest-core\1.3\hamcrest-core-1.3.jar;C:\Users\Hackron\.m2\repository\org\assertj\assertj-core\3.13.2\assertj-core-3.13.2.jar;C:\Users\Hackron\.m2\repository\org\mockito\mockito-core\3.12.4\mockito-core-3.12.4.jar;C:\Users\Hackron\.m2\repository\net\bytebuddy\byte-buddy\1.11.13\byte-buddy-1.11.13.jar;C:\Users\Hackron\.m2\repository\net\bytebuddy\byte-buddy-agent\1.11.13\byte-buddy-agent-1.11.13.jar;C:\Users\Hackron\.m2\repository\org\objenesis\objenesis\3.2\objenesis-3.2.jar;"/>
    <property name="java.vm.vendor" value="Amazon.com Inc."/>
    <property name="sun.arch.data.model" value="64"/>
    <property name="user.variant" value=""/>
    <property name="java.vendor.url" value="https://aws.amazon.com/corretto/"/>
    <property name="user.timezone" value="Europe/Moscow"/>
    <property name="java.vm.specification.version" value="1.8"/>
    <property name="os.name" value="Windows 11"/>
    <property name="javafx.version" value="8.0.202-ea"/>
    <property name="user.country" value="RU"/>
    <property name="sun.java.launcher" value="SUN_STANDARD"/>
    <property name="sun.boot.library.path" value="C:\Users\Hackron\.jdks\corretto-1.8.0_432\jre\bin"/>
    <property name="sun.java.command" value="C:\Users\Hackron\AppData\Local\Temp\surefire4235699299554573671\surefirebooter-20241227105334637_3.jar C:\Users\Hackron\AppData\Local\Temp\surefire4235699299554573671 2024-12-27T10-53-34_394-jvmRun1 surefire-20241227105334637_1tmp surefire_0-20241227105334637_2tmp"/>
    <property name="surefire.test.class.path" value="C:\Users\Hackron\Desktop\CrudProject\target\test-classes;C:\Users\Hackron\Desktop\CrudProject\target\classes;C:\Users\Hackron\.m2\repository\org\xerial\sqlite-jdbc\3.47.1.0\sqlite-jdbc-3.47.1.0.jar;C:\Users\Hackron\.m2\repository\org\junit\jupiter\junit-jupiter\5.9.2\junit-jupiter-5.9.2.jar;C:\Users\Hackron\.m2\repository\org\junit\jupiter\junit-jupiter-api\5.9.2\junit-jupiter-api-5.9.2.jar;C:\Users\Hackron\.m2\repository\org\opentest4j\opentest4j\1.2.0\opentest4j-1.2.0.jar;C:\Users\Hackron\.m2\repository\org\junit\platform\junit-platform-commons\1.9.2\junit-platform-commons-1.9.2.jar;C:\Users\Hackron\.m2\repository\org\apiguardian\apiguardian-api\1.1.2\apiguardian-api-1.1.2.jar;C:\Users\Hackron\.m2\repository\org\junit\jupiter\junit-jupiter-params\5.9.2\junit-jupiter-params-5.9.2.jar;C:\Users\Hackron\.m2\repository\org\junit\jupiter\junit-jupiter-engine\5.9.2\junit-jupiter-engine-5.9.2.jar;C:\Users\Hackron\.m2\repository\org\junit\platform\junit-platform-engine\1.9.2\junit-platform-engine-1.9.2.jar;C:\Users\Hackron\.m2\repository\org\testfx\testfx-junit5\4.0.16-alpha\testfx-junit5-4.0.16-alpha.jar;C:\Users\Hackron\.m2\repository\org\testfx\testfx-core\4.0.16-alpha\testfx-core-4.0.16-alpha.jar;C:\Users\Hackron\.m2\repository\org\hamcrest\hamcrest-core\1.3\hamcrest-core-1.3.jar;C:\Users\Hackron\.m2\repository\org\assertj\assertj-core\3.13.2\assertj-core-3.13.2.jar;C:\Users\Hackron\.m2\repository\org\mockito\mockito-core\3.12.4\mockito-core-3.12.4.jar;C:\Users\Hackron\.m2\repository\net\bytebuddy\byte-buddy\1.11.13\byte-buddy-1.11.13.jar;C:\Users\Hackron\.m2\repository\net\bytebuddy\byte-buddy-agent\1.11.13\byte-buddy-agent-1.11.13.jar;C:\Users\Hackron\.m2\repository\org\objenesis\objenesis\3.2\objenesis-3.2.jar;"/>
    <property name="sun.cpu.endian" value="little"/>
    <property name="user.home" value="C:\Users\Hackron"/>
    <property name="user.language" value="ru"/>
    <property name="java.specification.vendor" value="Oracle Corporation"/>
    <property name="java.home" value="C:\Users\Hackron\.jdks\corretto-1.8.0_432\jre"/>
    <property name="basedir" value="C:\Users\Hackron\Desktop\CrudProject"/>
    <property name="file.separator" value="\"/>
    <property name="line.separator" value="&#10;"/>
    <property name="java.vm.specification.vendor" value="Oracle Corporation"/>
    <property name="java.specification.name" value="Java Platform API Specification"/>
    <property name="java.awt.graphicsenv" value="sun.awt.Win32GraphicsEnvironment"/>
    <property name="surefire.real.class.path" value="C:\Users\Hackron\AppData\Local\Temp\surefire4235699299554573671\surefirebooter-20241227105334637_3.jar"/>
    <property name="sun.boot.class.path" value="C:\Users\Hackron\.jdks\corretto-1.8.0_432\jre\lib\resources.jar;C:\Users\Hackron\.jdks\corretto-1.8.0_432\jre\lib\rt.jar;C:\Users\Hackron\.jdks\corretto-1.8.0_432\jre\lib\sunrsasign.jar;C:\Users\Hackron\.jdks\corretto-1.8.0_432\jre\lib\jsse.jar;C:\Users\Hackron\.jdks\corretto-1.8.0_432\jre\lib\jce.jar;C:\Users\Hackron\.jdks\corretto-1.8.0_432\jre\lib\charsets.jar;C:\Users\Hackron\.jdks\corretto-1.8.0_432\jre\lib\jfr.jar;C:\Users\Hackron\.jdks\corretto-1.8.0_432\jre\classes"/>
    <property name="user.script" value=""/>
    <property name="sun.management.compiler" value="HotSpot 64-Bit Tiered Compilers"/>
    <property name="java.runtime.version" value="1.8.0_432-b06"/>
    <property name="user.name" value="Hackron"/>
    <property name="path.separator" value=";"/>
    <property name="os.version" value="10.0"/>
    <property name="java.endorsed.dirs" value="C:\Users\Hackron\.jdks\corretto-1.8.0_432\jre\lib\endorsed"/>
    <property name="java.runtime.name" value="OpenJDK Runtime Environment"/>
    <property name="file.encoding" value="Cp1251"/>
    <property name="java.vm.name" value="OpenJDK 64-Bit Server VM"/>
    <property name="localRepository" value="C:\Users\Hackron\.m2\repository"/>
    <property name="java.vendor.url.bug" value="https://github.com/corretto/corretto-8/issues/"/>
    <property name="java.io.tmpdir" value="C:\Users\Hackron\AppData\Local\Temp\"/>
    <property name="idea.version" value="2024.2.1"/>
    <property name="java.version" value="1.8.0_432"/>
    <property name="user.dir" value="C:\Users\Hackron\Desktop\CrudProject"/>
    <property name="os.arch" value="amd64"/>
    <property name="java.vm.specification.name" value="Java Virtual Machine Specification"/>
    <property name="java.awt.printerjob" value="sun.awt.windows.WPrinterJob"/>
    <property name="sun.os.patch.level" value=""/>
    <property name="java.library.path" value="C:\Users\Hackron\.jdks\corretto-1.8.0_432\jre\bin;C:\WINDOWS\Sun\Java\bin;C:\WINDOWS\system32;C:\WINDOWS;C:\Program Files (x86)\Common Files\Oracle\Java\java8path;C:\Program Files (x86)\Common Files\Oracle\Java\javapath;C:\WINDOWS\system32;C:\WINDOWS;C:\WINDOWS\System32\Wbem;C:\WINDOWS\System32\WindowsPowerShell\v1.0\;C:\WINDOWS\System32\OpenSSH\;C:\Program Files\Git\cmd;C:\Program Files\Java\jdk1.8.0_231\bin;C:\Program Files\dotnet\;C:\Program Files\PuTTY\;C:\Program Files\NVIDIA Corporation\NVIDIA app\NvDLISR;C:\Program Files (x86)\NVIDIA Corporation\PhysX\Common;C:\Users\Hackron\AppData\Local\Programs\Python\Python313\Scripts\;C:\Users\Hackron\AppData\Local\Programs\Python\Python313\;C:\Users\Hackron\AppData\Local\Microsoft\WindowsApps;;C:\Program Files\JetBrains\IntelliJ IDEA Community Edition 2024.2.1\bin;;C:\Users\Hackron\.dotnet\tools;C:\Program Files\JetBrains\PyCharm Community Edition 2024.2.4\bin;;."/>
    <property name="java.vm.info" value="mixed mode"/>
    <property name="java.vendor" value="Amazon.com Inc."/>
    <property name="java.vm.version" value="25.432-b06"/>
    <property name="java.specification.maintenance.version" value="6"/>
    <property name="java.ext.dirs" value="C:\Users\Hackron\.jdks\corretto-1.8.0_432\jre\lib\ext;C:\WINDOWS\Sun\Java\lib\ext"/>
    <property name="sun.io.unicode.encoding" value="UnicodeLittle"/>
    <property name="java.class.version" value="52.0"/>
  </properties>
  <testcase name="testAddClicked_ValidInput" classname="NotesControllerTest" time="0.785">
    <system-out><![CDATA[Запись успешно добавлена.
]]></system-out>
    <system-err><![CDATA[дек 27, 2024 10:53:35 AM org.example.NotesController initialize
INFO: Контроллер инициализирован.
дек 27, 2024 10:53:35 AM org.example.NotesController addClicked
INFO: Добавление заметки: Valid Name - Valid Text успешно?
]]></system-err>
  </testcase>
  <testcase name="testPaginationClicked" classname="NotesControllerTest" time="0.217">
    <system-err><![CDATA[дек 27, 2024 10:53:36 AM org.example.NotesController initialize
INFO: Контроллер инициализирован.
дек 27, 2024 10:53:36 AM org.example.NotesController paginationClicked
INFO: Pagination: 0
дек 27, 2024 10:53:36 AM org.example.NotesController paginationClicked
INFO: Всего записей: 4
]]></system-err>
  </testcase>
  <testcase name="testDeleteClicked_InvalidInput" classname="NotesControllerTest" time="0.217">
    <system-err><![CDATA[дек 27, 2024 10:53:36 AM org.example.NotesController initialize
INFO: Контроллер инициализирован.
дек 27, 2024 10:53:36 AM org.example.NotesController deleteClicked
WARNING: Ошибка при удалении?
]]></system-err>
  </testcase>
  <testcase name="testInitialize" classname="NotesControllerTest" time="0.215">
    <system-err><![CDATA[дек 27, 2024 10:53:36 AM org.example.NotesController initialize
INFO: Контроллер инициализирован.
]]></system-err>
  </testcase>
  <testcase name="testAddClicked_InvalidInput" classname="NotesControllerTest" time="0.214">
    <system-err><![CDATA[дек 27, 2024 10:53:36 AM org.example.NotesController initialize
INFO: Контроллер инициализирован.
дек 27, 2024 10:53:36 AM org.example.NotesController addClicked
WARNING: Условия добавления не соблюдены?
]]></system-err>
  </testcase>
  <testcase name="testDeleteClicked_ValidInput" classname="NotesControllerTest" time="0.225">
    <system-out><![CDATA[Запись с id 1 не найдена.
]]></system-out>
    <system-err><![CDATA[дек 27, 2024 10:53:36 AM org.example.NotesController initialize
INFO: Контроллер инициализирован.
дек 27, 2024 10:53:36 AM org.example.NotesController deleteClicked
INFO: Удаление ID 1 успешно?
]]></system-err>
  </testcase>
  <testcase name="testFilterClicked" classname="NotesControllerTest" time="0.219">
    <system-err><![CDATA[дек 27, 2024 10:53:37 AM org.example.NotesController initialize
INFO: Контроллер инициализирован.
дек 27, 2024 10:53:37 AM org.example.NotesController filterClicked
INFO: Фильтр применён: ID успешно?
]]></system-err>
  </testcase>
</testsuite>